2024-08-23 00:27:33,643 - __main__ - INFO - Starting Workday scraping script
2024-08-23 00:27:33,643 - __main__ - INFO - ChromeDriver Path: driver/chromedriver-mac-arm64/chromedriver
2024-08-23 00:27:34,828 - __main__ - INFO - WebDriver initialized for Workday
2024-08-23 00:27:38,844 - __main__ - INFO - Accessed URL: https://workday.wd5.myworkdayjobs.com/Workday?jobFamilyGroup=8c5ce7a1cffb43e0a819c249a49fcb00&jobFamilyGroup=a88cba90a00841e0b750341c541b9d56&jobFamilyGroup=4b2f970c50930155b9985193020a0c72
2024-08-23 00:27:42,887 - __main__ - INFO - Total job listings found: 81
2024-08-23 00:27:42,919 - __main__ - INFO - Collected job: Sr Manager, Software Development Application, Flex
2024-08-23 00:27:42,919 - __main__ - INFO - Collected job: Junior Backend engineer, Flex
2024-08-23 00:27:42,920 - __main__ - INFO - Collected job: Quality Assurance Engineer, Flex
2024-08-23 00:27:42,921 - __main__ - INFO - Collected job: Sr Software Development Engineer - Payroll, Flex
2024-08-23 00:27:42,922 - __main__ - INFO - Collected job: Senior Software Development Engineer, Flex
2024-08-23 00:27:42,923 - __main__ - INFO - Collected job: Sr Associate Data Engineer, Flex
2024-08-23 00:27:42,924 - __main__ - INFO - Collected job: Quality Assurance Automation Engineer - TOSCA and Salesforce, Onsite
2024-08-23 00:27:42,925 - __main__ - INFO - Collected job: Software and Infrastructure Engineer- HiredScore, Onsite
2024-08-23 00:27:42,926 - __main__ - INFO - Collected job: Senior Machine Learning Engineer- HiredScore, Onsite
2024-08-23 00:27:42,927 - __main__ - INFO - Collected job: Machine Learning Engineer- HiredScore, Onsite
2024-08-23 00:27:42,927 - __main__ - INFO - Collected job: Software Development Engineer - Talent Enablement, Flex
2024-08-23 00:27:42,928 - __main__ - INFO - Collected job: Sr Software Development Engineer, Flex
2024-08-23 00:27:42,929 - __main__ - INFO - Collected job: Product Test Automation Engineer, Flex
2024-08-23 00:27:42,930 - __main__ - INFO - Collected job: Data Platform and Support Engineeer, Flex
2024-08-23 00:27:42,931 - __main__ - INFO - Collected job: Manager, Software Development Engineering, Flex
2024-08-23 00:27:42,932 - __main__ - INFO - Collected job: Sr Associate Software Application Engineer, Flex
2024-08-23 00:27:42,932 - __main__ - INFO - Collected job: Software Development Engineer - IDX Predictive Experience Engineering, Flex
2024-08-23 00:27:42,933 - __main__ - INFO - Collected job: Manager, Software Development Engineering, Flex
2024-08-23 00:27:42,934 - __main__ - INFO - Collected job: Sr Manager, Software Development Engineering, Flex
2024-08-23 00:27:42,935 - __main__ - INFO - Collected job: Software Development Engineer (Education), Flex
2024-08-23 00:29:22,999 - __main__ - INFO - No more pages or encountered error moving to next page.
2024-08-23 00:29:23,084 - __main__ - INFO - Driver quit, script completed for Workday
2024-08-24 12:04:10,949 - __main__ - INFO - Starting Workday scraping script
2024-08-24 12:04:10,950 - __main__ - INFO - ChromeDriver Path: driver/chromedriver-mac-arm64/chromedriver
2024-08-24 12:04:18,363 - __main__ - ERROR - Error initializing WebDriver: Message: session not created: This version of ChromeDriver only supports Chrome version 126
Current browser version is 128.0.6613.84 with binary path /Applications/Google Chrome.app/Contents/MacOS/Google Chrome
Stacktrace:
0   chromedriver                        0x0000000100e32a0c chromedriver + 4385292
1   chromedriver                        0x0000000100e2b318 chromedriver + 4354840
2   chromedriver                        0x0000000100a48b0c chromedriver + 281356
3   chromedriver                        0x0000000100a7ce4c chromedriver + 495180
4   chromedriver                        0x0000000100a7c11c chromedriver + 491804
5   chromedriver                        0x0000000100a77688 chromedriver + 472712
6   chromedriver                        0x0000000100a7460c chromedriver + 460300
7   chromedriver                        0x0000000100ab3a78 chromedriver + 719480
8   chromedriver                        0x0000000100a7feec chromedriver + 507628
9   chromedriver                        0x0000000100a808c4 chromedriver + 510148
10  chromedriver                        0x0000000100dfa3c8 chromedriver + 4154312
11  chromedriver                        0x0000000100dfee2c chromedriver + 4173356
12  chromedriver                        0x0000000100ddff84 chromedriver + 4046724
13  chromedriver                        0x0000000100dff718 chromedriver + 4175640
14  chromedriver                        0x0000000100dd2f44 chromedriver + 3993412
15  chromedriver                        0x0000000100e1d1a8 chromedriver + 4297128
16  chromedriver                        0x0000000100e1d324 chromedriver + 4297508
17  chromedriver                        0x0000000100e2af10 chromedriver + 4353808
18  libsystem_pthread.dylib             0x000000019ed72f94 _pthread_start + 136
19  libsystem_pthread.dylib             0x000000019ed6dd34 thread_start + 8

